app/build/outputs/logs/manifest-merger-debug-report.txt
-- Merging decision tree log ---
manifest
ADDED from src\main\AndroidManifest.xml:2:1-395:12
	package
		ADDED from src\main\AndroidManifest.xml:3:5-31
		INJECTED from src\main\AndroidManifest.xml
		INJECTED from src\main\AndroidManifest.xml
	android:versionName
		INJECTED from src\main\AndroidManifest.xml
		INJECTED from src\main\AndroidManifest.xml
	xmlns:android
		ADDED from src\main\AndroidManifest.xml:2:11-69
	android:versionCode
		INJECTED from src\main\AndroidManifest.xml
		INJECTED from src\main\AndroidManifest.xml
uses-permission#android.permission.INTERNET
ADDED from src\main\AndroidManifest.xml:5:5-67
MERGED from [com.crashlytics.sdk.android:crashlytics:2.6.5] AndroidManifest.xml:9:5-67
MERGED from [com.crashlytics.sdk.android:beta:1.2.2] AndroidManifest.xml:9:5-67
MERGED from [io.fabric.sdk.android:fabric:1.3.14] AndroidManifest.xml:25:5-67
MERGED from [com.crashlytics.sdk.android:crashlytics-core:2.3.14] AndroidManifest.xml:9:5-67
MERGED from [com.crashlytics.sdk.android:answers:1.3.10] AndroidManifest.xml:9:5-67
MERGED from [com.google.android.gms:play-services-ads-lite:10.2.4] AndroidManifest.xml:19:5-66
MERGED from [com.google.android.gms:play-services-analytics:10.2.4] AndroidManifest.xml:20:5-66
MERGED from [com.google.android.gms:play-services-analytics-impl:10.2.4] AndroidManifest.xml:20:5-66
MERGED from [com.google.android.gms:play-services-appinvite:10.2.4] AndroidManifest.xml:18:5-66
MERGED from [com.google.firebase:firebase-iid:10.2.4] AndroidManifest.xml:20:5-66
MERGED from [com.google.android.gms:play-services-maps:10.2.4] AndroidManifest.xml:20:5-66
MERGED from [com.google.firebase:firebase-crash:10.2.4] AndroidManifest.xml:18:5-66
MERGED from [com.google.firebase:firebase-analytics:10.2.4] AndroidManifest.xml:20:5-66
MERGED from [com.google.firebase:firebase-analytics-impl:10.2.4] AndroidManifest.xml:20:5-66
MERGED from [com.google.android.gms:play-services-gcm:10.2.4] AndroidManifest.xml:21:5-66
MERGED from [com.google.android.gms:play-services-iid:10.2.4] AndroidManifest.xml:21:5-66
MERGED from [com.google.android.gms:play-services-tagmanager-api:10.2.4] AndroidManifest.xml:20:5-66
	android:name
		ADDED from src\main\AndroidManifest.xml:5:22-64
uses-permission#android.permission.WRITE_EXTERNAL_STORAGE
ADDED from src\main\AndroidManifest.xml:6:5-81
MERGED from [com.droidninja:filepicker:1.0.8] AndroidManifest.xml:11:5-81
	android:name
		ADDED from src\main\AndroidManifest.xml:6:22-78
uses-permission#android.permission.READ_EXTERNAL_STORAGE
ADDED from src\main\AndroidManifest.xml:7:5-80
MERGED from [com.droidninja:filepicker:1.0.8] AndroidManifest.xml:12:5-80
	android:name
		ADDED from src\main\AndroidManifest.xml:7:22-77
uses-permission#android.permission.ACCESS_NETWORK_STATE
ADDED from src\main\AndroidManifest.xml:8:5-79
MERGED from [com.google.android.gms:play-services-ads-lite:10.2.4] AndroidManifest.xml:20:5-78
MERGED from [com.google.android.gms:play-services-analytics:10.2.4] AndroidManifest.xml:21:5-78
MERGED from [com.google.android.gms:play-services-analytics-impl:10.2.4] AndroidManifest.xml:21:5-78
MERGED from [com.google.firebase:firebase-iid:10.2.4] AndroidManifest.xml:19:5-78
MERGED from [com.google.android.gms:play-services-maps:10.2.4] AndroidManifest.xml:19:5-78
MERGED from [com.google.firebase:firebase-analytics:10.2.4] AndroidManifest.xml:21:5-78
MERGED from [com.google.firebase:firebase-analytics-impl:10.2.4] AndroidManifest.xml:21:5-78
MERGED from [com.google.android.gms:play-services-nearby:10.2.4] AndroidManifest.xml:4:5-78
MERGED from [com.google.android.gms:play-services-tagmanager-api:10.2.4] AndroidManifest.xml:21:5-78
	android:name
		ADDED from src\main\AndroidManifest.xml:8:22-76
uses-permission#android.permission.ACCESS_WIFI_STATE
ADDED from src\main\AndroidManifest.xml:9:5-76
	android:name
		ADDED from src\main\AndroidManifest.xml:9:22-73
uses-permission#android.permission.GET_ACCOUNTS
ADDED from src\main\AndroidManifest.xml:12:5-71
	android:name
		ADDED from src\main\AndroidManifest.xml:12:22-68
uses-permission#android.permission.WAKE_LOCK
ADDED from src\main\AndroidManifest.xml:13:5-68
MERGED from [com.google.android.gms:play-services-analytics:10.2.4] AndroidManifest.xml:24:5-67
MERGED from [com.google.android.gms:play-services-analytics-impl:10.2.4] AndroidManifest.xml:24:5-67
MERGED from [com.google.firebase:firebase-iid:10.2.4] AndroidManifest.xml:21:5-67
MERGED from [com.google.firebase:firebase-analytics:10.2.4] AndroidManifest.xml:22:5-67
MERGED from [com.google.firebase:firebase-analytics-impl:10.2.4] AndroidManifest.xml:22:5-67
	android:name
		ADDED from src\main\AndroidManifest.xml:13:22-65
uses-permission#android.permission.VIBRATE
ADDED from src\main\AndroidManifest.xml:14:5-66
	android:name
		ADDED from src\main\AndroidManifest.xml:14:22-63
permission#com.pnf.elar.app.permission.C2D_MESSAGE
ADDED from src\main\AndroidManifest.xml:16:5-18:47
MERGED from [com.google.firebase:firebase-iid:10.2.4] AndroidManifest.xml:24:5-109
	android:protectionLevel
		ADDED from src\main\AndroidManifest.xml:18:9-44
	android:name
		ADDED from src\main\AndroidManifest.xml:17:9-63
uses-permission#com.google.android.c2dm.permission.RECEIVE
ADDED from src\main\AndroidManifest.xml:20:5-82
MERGED from [com.google.firebase:firebase-iid:10.2.4] AndroidManifest.xml:22:5-81
MERGED from [com.google.android.gms:play-services-gcm:10.2.4] AndroidManifest.xml:20:5-81
MERGED from [com.google.android.gms:play-services-iid:10.2.4] AndroidManifest.xml:20:5-81
	android:name
		ADDED from src\main\AndroidManifest.xml:20:22-79
uses-permission#android.permission.CALL_PHONE
ADDED from src\main\AndroidManifest.xml:22:5-69
	android:name
		ADDED from src\main\AndroidManifest.xml:22:22-66
uses-permission#android.permission.READ_PHONE_STATE
ADDED from src\main\AndroidManifest.xml:23:5-75
	android:name
		ADDED from src\main\AndroidManifest.xml:23:22-72
application
ADDED from src\main\AndroidManifest.xml:25:5-393:19
MERGED from [com.githang:viewpagerindicator:2.4.2] AndroidManifest.xml:11:5-20
MERGED from [com.android.support:appcompat-v7:24.2.1] AndroidManifest.xml:25:5-20
MERGED from [com.android.support:support-v4:24.2.1] AndroidManifest.xml:25:5-20
MERGED from [com.android.support:support-compat:24.2.1] AndroidManifest.xml:25:5-20
MERGED from [com.android.support:support-media-compat:24.2.1] AndroidManifest.xml:25:5-20
MERGED from [com.android.support:support-core-utils:24.2.1] AndroidManifest.xml:25:5-20
MERGED from [com.android.support:support-core-ui:24.2.1] AndroidManifest.xml:25:5-20
MERGED from [com.android.support:support-fragment:24.2.1] AndroidManifest.xml:25:5-20
MERGED from [com.android.support:support-vector-drawable:24.2.1] AndroidManifest.xml:23:5-20
MERGED from [com.android.support:animated-vector-drawable:24.2.1] AndroidManifest.xml:22:5-20
MERGED from [SCM-TesingCode:cropLibrary:unspecified] AndroidManifest.xml:5:5-7:19
MERGED from [com.crashlytics.sdk.android:crashlytics:2.6.5] AndroidManifest.xml:11:5-20
MERGED from [com.crashlytics.sdk.android:beta:1.2.2] AndroidManifest.xml:11:5-20
MERGED from [io.fabric.sdk.android:fabric:1.3.14] AndroidManifest.xml:27:5-20
MERGED from [com.crashlytics.sdk.android:crashlytics-core:2.3.14] AndroidManifest.xml:11:5-20
MERGED from [com.crashlytics.sdk.android:answers:1.3.10] AndroidManifest.xml:11:5-20
MERGED from [SCM-TesingCode:MonthMateriallibrary:unspecified] AndroidManifest.xml:10:5-20
MERGED from [de.hdodenhof:circleimageview:2.1.0] AndroidManifest.xml:9:5-20
MERGED from [com.droidninja:filepicker:1.0.8] AndroidManifest.xml:14:5-23:19
MERGED from [com.android.support:design:24.2.1] AndroidManifest.xml:22:5-20
MERGED from [com.android.support:multidex-instrumentation:1.0.1] AndroidManifest.xml:17:5-19
MERGED from [com.android.support.constraint:constraint-layout:1.0.2] AndroidManifest.xml:9:5-20
MERGED from [com.android.support:cardview-v7:23.0.0] AndroidManifest.xml:22:5-20
MERGED from [com.google.android.gms:play-services:10.2.4] AndroidManifest.xml:5:5-20
MERGED from [com.google.android.gms:play-services-ads-lite:10.2.4] AndroidManifest.xml:23:5-27:19
MERGED from [com.google.android.gms:play-services-basement:10.2.4] AndroidManifest.xml:19:5-21:19
MERGED from [com.google.android.gms:play-services-base:10.2.4] AndroidManifest.xml:18:5-20:19
MERGED from [com.google.android.gms:play-services-tasks:10.2.4] AndroidManifest.xml:4:5-19
MERGED from [com.google.android.gms:play-services-clearcut:10.2.4] AndroidManifest.xml:18:5-19
MERGED from [com.google.android.gms:play-services-gass:10.2.4] AndroidManifest.xml:4:5-19
MERGED from [com.google.android.gms:play-services-analytics:10.2.4] AndroidManifest.xml:26:5-19
MERGED from [com.google.android.gms:play-services-analytics-impl:10.2.4] AndroidManifest.xml:26:5-19
MERGED from [com.google.android.gms:play-services-tagmanager-v4-impl:10.2.4] AndroidManifest.xml:19:5-19
MERGED from [com.google.android.gms:play-services-appinvite:10.2.4] AndroidManifest.xml:19:5-26:19
MERGED from [com.google.android.gms:play-services-auth:10.2.4] AndroidManifest.xml:19:5-25:19
MERGED from [com.google.android.gms:play-services-cast-framework:10.2.4] AndroidManifest.xml:4:5-8:19
MERGED from [com.google.android.gms:play-services-cast:10.2.4] AndroidManifest.xml:18:5-19
MERGED from [com.android.support:mediarouter-v7:24.0.0] AndroidManifest.xml:22:5-20
MERGED from [com.android.support:palette-v7:24.0.0] AndroidManifest.xml:22:5-23:19
MERGED from [com.google.firebase:firebase-config:10.2.4] AndroidManifest.xml:18:5-19
MERGED from [com.google.firebase:firebase-iid:10.2.4] AndroidManifest.xml:28:5-49:19
MERGED from [com.google.firebase:firebase-common:10.2.4] AndroidManifest.xml:4:5-7:19
MERGED from [com.google.android.gms:play-services-awareness:10.2.4] AndroidManifest.xml:18:5-19
MERGED from [com.google.android.gms:play-services-location:10.2.4] AndroidManifest.xml:4:5-19
MERGED from [com.google.android.gms:play-services-places:10.2.4] AndroidManifest.xml:18:5-19
MERGED from [com.google.android.gms:play-services-maps:10.2.4] AndroidManifest.xml:24:5-19
MERGED from [com.google.firebase:firebase-crash:10.2.4] AndroidManifest.xml:22:5-23:19
MERGED from [com.google.firebase:firebase-analytics:10.2.4] AndroidManifest.xml:24:5-33:19
MERGED from [com.google.firebase:firebase-analytics-impl:10.2.4] AndroidManifest.xml:24:5-28:19
MERGED from [com.google.android.gms:play-services-drive:10.2.4] AndroidManifest.xml:18:5-19
MERGED from [com.google.firebase:firebase-auth:10.2.4] AndroidManifest.xml:19:5-20:19
MERGED from [com.google.firebase:firebase-messaging:10.2.4] AndroidManifest.xml:19:5-29:19
MERGED from [com.google.android.gms:play-services-fitness:10.2.4] AndroidManifest.xml:18:5-19
MERGED from [com.google.android.gms:play-services-games:10.2.4] AndroidManifest.xml:18:5-19
MERGED from [com.google.android.gms:play-services-gcm:10.2.4] AndroidManifest.xml:23:5-19
MERGED from [com.google.android.gms:play-services-iid:10.2.4] AndroidManifest.xml:23:5-19
MERGED from [com.google.firebase:firebase-appindexing:10.2.4] AndroidManifest.xml:18:5-19
MERGED from [com.google.android.gms:play-services-identity:10.2.4] AndroidManifest.xml:18:5-19
MERGED from [com.google.android.gms:play-services-nearby:10.2.4] AndroidManifest.xml:5:5-19
MERGED from [com.google.android.gms:play-services-panorama:10.2.4] AndroidManifest.xml:18:5-19
MERGED from [com.google.android.gms:play-services-plus:10.2.4] AndroidManifest.xml:18:5-19
MERGED from [com.google.android.gms:play-services-safetynet:10.2.4] AndroidManifest.xml:18:5-19
MERGED from [com.google.android.gms:play-services-tagmanager-api:10.2.4] AndroidManifest.xml:23:5-33:19
MERGED from [com.google.android.gms:play-services-vision:10.2.4] AndroidManifest.xml:4:5-19
MERGED from [com.google.android.gms:play-services-wearable:10.2.4] AndroidManifest.xml:18:5-19
	android:label
		ADDED from src\main\AndroidManifest.xml:29:9-41
	android:supportsRtl
		ADDED from [com.droidninja:filepicker:1.0.8] AndroidManifest.xml:17:9-35
	android:allowBackup
		ADDED from src\main\AndroidManifest.xml:27:9-35
	android:icon
		ADDED from src\main\AndroidManifest.xml:28:9-42
	android:largeHeap
		ADDED from src\main\AndroidManifest.xml:30:9-33
	android:theme
		ADDED from src\main\AndroidManifest.xml:31:9-47
	android:name
		ADDED from src\main\AndroidManifest.xml:26:9-39
meta-data#com.google.android.gms.version
ADDED from src\main\AndroidManifest.xml:32:9-34:69
MERGED from [com.google.android.gms:play-services-basement:10.2.4] AndroidManifest.xml:20:9-121
	android:value
		ADDED from src\main\AndroidManifest.xml:34:13-66
	android:name
		ADDED from src\main\AndroidManifest.xml:33:13-58
activity#com.pnf.elar.app.SplashActivity
ADDED from src\main\AndroidManifest.xml:36:9-46:20
	android:screenOrientation
		ADDED from src\main\AndroidManifest.xml:40:13-49
	android:label
		ADDED from src\main\AndroidManifest.xml:38:13-45
	android:noHistory
		ADDED from src\main\AndroidManifest.xml:39:13-37
	android:name
		ADDED from src\main\AndroidManifest.xml:37:13-43
intent-filter#android.intent.action.MAIN+android.intent.category.LAUNCHER
ADDED from src\main\AndroidManifest.xml:41:13-45:29
action#android.intent.action.MAIN
ADDED from src\main\AndroidManifest.xml:42:17-69
	android:name
		ADDED from src\main\AndroidManifest.xml:42:25-66
category#android.intent.category.LAUNCHER
ADDED from src\main\AndroidManifest.xml:44:17-77
	android:name
		ADDED from src\main\AndroidManifest.xml:44:27-74
receiver#com.pnf.elar.app.pushnotification.GcmBroadcastReceiver
ADDED from src\main\AndroidManifest.xml:62:9-71:20
	android:permission
		ADDED from src\main\AndroidManifest.xml:64:13-73
	android:name
		ADDED from src\main\AndroidManifest.xml:63:13-66
intent-filter#com.google.android.c2dm.intent.RECEIVE+com.google.android.c2dm.intent.REGISTRATION+com.pnf.elar.app
ADDED from src\main\AndroidManifest.xml:65:13-70:29
action#com.google.android.c2dm.intent.RECEIVE
ADDED from src\main\AndroidManifest.xml:66:17-81
	android:name
		ADDED from src\main\AndroidManifest.xml:66:25-78
action#com.google.android.c2dm.intent.REGISTRATION
ADDED from src\main\AndroidManifest.xml:67:17-86
	android:name
		ADDED from src\main\AndroidManifest.xml:67:25-83
category#com.pnf.elar.app
ADDED from src\main\AndroidManifest.xml:69:17-61
	android:name
		ADDED from src\main\AndroidManifest.xml:69:27-58
service#com.pnf.elar.app.pushnotification.GCMNotificationIntentService
ADDED from src\main\AndroidManifest.xml:85:9-82
	android:name
		ADDED from src\main\AndroidManifest.xml:85:18-79
activity#com.pnf.elar.app.Login
ADDED from src\main\AndroidManifest.xml:133:9-135:52
	android:screenOrientation
		ADDED from src\main\AndroidManifest.xml:135:13-49
	android:name
		ADDED from src\main\AndroidManifest.xml:134:13-34
activity#com.pnf.elar.app.Remember_me
ADDED from src\main\AndroidManifest.xml:136:9-139:52
	android:screenOrientation
		ADDED from src\main\AndroidManifest.xml:139:13-49
	android:label
		ADDED from src\main\AndroidManifest.xml:138:13-63
	android:name
		ADDED from src\main\AndroidManifest.xml:137:13-40
activity#com.pnf.elar.app.Forgot_password
ADDED from src\main\AndroidManifest.xml:140:9-145:57
	android:screenOrientation
		ADDED from src\main\AndroidManifest.xml:144:13-49
	android:label
		ADDED from src\main\AndroidManifest.xml:142:13-67
	android:noHistory
		ADDED from src\main\AndroidManifest.xml:143:13-37
	android:windowSoftInputMode
		ADDED from src\main\AndroidManifest.xml:145:13-54
	android:name
		ADDED from src\main\AndroidManifest.xml:141:13-44
activity#com.pnf.elar.app.Post_play_video
ADDED from src\main\AndroidManifest.xml:180:9-182:70
	android:label
		ADDED from src\main\AndroidManifest.xml:182:13-67
	android:name
		ADDED from src\main\AndroidManifest.xml:181:13-44
activity#com.pnf.elar.app.Curriculum_tags
ADDED from src\main\AndroidManifest.xml:183:9-185:52
	android:screenOrientation
		ADDED from src\main\AndroidManifest.xml:185:13-49
	android:name
		ADDED from src\main\AndroidManifest.xml:184:13-44
activity#com.pnf.elar.app.Curriculam_tag_post
ADDED from src\main\AndroidManifest.xml:191:9-193:52
	android:screenOrientation
		ADDED from src\main\AndroidManifest.xml:193:13-49
	android:name
		ADDED from src\main\AndroidManifest.xml:192:13-48
activity#com.pnf.elar.app.Curriculam_tag_edit
ADDED from src\main\AndroidManifest.xml:209:9-211:52
	android:screenOrientation
		ADDED from src\main\AndroidManifest.xml:211:13-49
	android:name
		ADDED from src\main\AndroidManifest.xml:210:13-48
activity#com.pnf.elar.app.Drawer
ADDED from src\main\AndroidManifest.xml:212:9-215:52
	android:screenOrientation
		ADDED from src\main\AndroidManifest.xml:215:13-49
	android:largeHeap
		ADDED from src\main\AndroidManifest.xml:214:13-37
	android:name
		ADDED from src\main\AndroidManifest.xml:213:13-35
activity#com.pnf.elar.app.View_pageraimages
ADDED from src\main\AndroidManifest.xml:225:9-228:52
	android:screenOrientation
		ADDED from src\main\AndroidManifest.xml:228:13-49
	android:label
		ADDED from src\main\AndroidManifest.xml:227:13-69
	android:name
		ADDED from src\main\AndroidManifest.xml:226:13-46
meta-data#io.fabric.ApiKey
ADDED from src\main\AndroidManifest.xml:288:9-290:72
	android:value
		ADDED from src\main\AndroidManifest.xml:290:13-69
	android:name
		ADDED from src\main\AndroidManifest.xml:289:13-44
activity#com.pnf.elar.app.FootMenuPdfView
ADDED from src\main\AndroidManifest.xml:292:9-296:57
	android:screenOrientation
		ADDED from src\main\AndroidManifest.xml:294:13-49
	android:windowSoftInputMode
		ADDED from src\main\AndroidManifest.xml:296:13-54
	android:theme
		ADDED from src\main\AndroidManifest.xml:295:13-63
	android:name
		ADDED from src\main\AndroidManifest.xml:293:13-44
activity#com.pnf.elar.app.CurTagDetailsActivity
ADDED from src\main\AndroidManifest.xml:297:9-301:57
	android:screenOrientation
		ADDED from src\main\AndroidManifest.xml:299:13-49
	android:windowSoftInputMode
		ADDED from src\main\AndroidManifest.xml:301:13-54
	android:theme
		ADDED from src\main\AndroidManifest.xml:300:13-63
	android:name
		ADDED from src\main\AndroidManifest.xml:298:13-50
activity#com.pnf.elar.app.activity.schedule.AsynchronousActivity
ADDED from src\main\AndroidManifest.xml:307:9-311:57
	android:screenOrientation
		ADDED from src\main\AndroidManifest.xml:309:13-49
	android:windowSoftInputMode
		ADDED from src\main\AndroidManifest.xml:311:13-54
	android:theme
		ADDED from src\main\AndroidManifest.xml:310:13-63
	android:name
		ADDED from src\main\AndroidManifest.xml:308:13-67
activity#com.pnf.elar.app.activity.schedule.ActivityListByDateActivity
ADDED from src\main\AndroidManifest.xml:312:9-316:57
	android:screenOrientation
		ADDED from src\main\AndroidManifest.xml:314:13-49
	android:windowSoftInputMode
		ADDED from src\main\AndroidManifest.xml:316:13-54
	android:theme
		ADDED from src\main\AndroidManifest.xml:315:13-63
	android:name
		ADDED from src\main\AndroidManifest.xml:313:13-73
activity#com.pnf.elar.app.activity.schedule.AddActivityActivity
ADDED from src\main\AndroidManifest.xml:317:9-321:57
	android:screenOrientation
		ADDED from src\main\AndroidManifest.xml:319:13-49
	android:windowSoftInputMode
		ADDED from src\main\AndroidManifest.xml:321:13-54
	android:theme
		ADDED from src\main\AndroidManifest.xml:320:13-63
	android:name
		ADDED from src\main\AndroidManifest.xml:318:13-66
activity#com.pnf.elar.app.activity.schedule.AddVaccationActivity
ADDED from src\main\AndroidManifest.xml:322:9-326:57
	android:screenOrientation
		ADDED from src\main\AndroidManifest.xml:324:13-49
	android:windowSoftInputMode
		ADDED from src\main\AndroidManifest.xml:326:13-54
	android:theme
		ADDED from src\main\AndroidManifest.xml:325:13-63
	android:name
		ADDED from src\main\AndroidManifest.xml:323:13-67
activity#com.pnf.elar.app.activity.schedule.AddFoodMenuActivity
ADDED from src\main\AndroidManifest.xml:327:9-331:57
	android:screenOrientation
		ADDED from src\main\AndroidManifest.xml:329:13-49
	android:windowSoftInputMode
		ADDED from src\main\AndroidManifest.xml:331:13-54
	android:theme
		ADDED from src\main\AndroidManifest.xml:330:13-63
	android:name
		ADDED from src\main\AndroidManifest.xml:328:13-66
activity#com.pnf.elar.app.activity.PhotoGalleryActivity
ADDED from src\main\AndroidManifest.xml:332:9-336:57
	android:screenOrientation
		ADDED from src\main\AndroidManifest.xml:334:13-49
	android:windowSoftInputMode
		ADDED from src\main\AndroidManifest.xml:336:13-54
	android:theme
		ADDED from src\main\AndroidManifest.xml:335:13-63
	android:name
		ADDED from src\main\AndroidManifest.xml:333:13-58
activity#com.pnf.elar.app.activity.schedule.FoodNoteActivity
ADDED from src\main\AndroidManifest.xml:344:9-349:57
	android:screenOrientation
		ADDED from src\main\AndroidManifest.xml:347:13-49
	android:label
		ADDED from src\main\AndroidManifest.xml:346:13-65
	android:windowSoftInputMode
		ADDED from src\main\AndroidManifest.xml:349:13-54
	android:theme
		ADDED from src\main\AndroidManifest.xml:348:13-63
	android:name
		ADDED from src\main\AndroidManifest.xml:345:13-63
activity#com.pnf.elar.app.util.FileUpload.FileChooser
ADDED from src\main\AndroidManifest.xml:350:9-354:57
	android:label
		ADDED from src\main\AndroidManifest.xml:352:13-40
	android:windowSoftInputMode
		ADDED from src\main\AndroidManifest.xml:354:13-54
	android:theme
		ADDED from src\main\AndroidManifest.xml:353:13-54
	android:name
		ADDED from src\main\AndroidManifest.xml:351:13-56
activity#com.pnf.elar.app.FilePicker
ADDED from src\main\AndroidManifest.xml:355:9-48
	android:name
		ADDED from src\main\AndroidManifest.xml:355:19-45
activity#com.pnf.elar.app.activity.schedule.AddAbsenceNoteTeacherActivity
ADDED from src\main\AndroidManifest.xml:356:9-360:57
	android:screenOrientation
		ADDED from src\main\AndroidManifest.xml:358:13-49
	android:windowSoftInputMode
		ADDED from src\main\AndroidManifest.xml:360:13-54
	android:theme
		ADDED from src\main\AndroidManifest.xml:359:13-63
	android:name
		ADDED from src\main\AndroidManifest.xml:357:13-76
activity#com.pnf.elar.app.activity.schedule.ViewAbsentNoteActivity
ADDED from src\main\AndroidManifest.xml:361:9-364:66
	android:screenOrientation
		ADDED from src\main\AndroidManifest.xml:363:13-49
	android:theme
		ADDED from src\main\AndroidManifest.xml:364:13-63
	android:name
		ADDED from src\main\AndroidManifest.xml:362:13-69
activity#com.pnf.elar.app.activity.schedule.UpdateActivity
ADDED from src\main\AndroidManifest.xml:365:9-368:66
	android:screenOrientation
		ADDED from src\main\AndroidManifest.xml:367:13-49
	android:theme
		ADDED from src\main\AndroidManifest.xml:368:13-63
	android:name
		ADDED from src\main\AndroidManifest.xml:366:13-61
activity#com.pnf.elar.app.activity.schedule.AddActivityParent
ADDED from src\main\AndroidManifest.xml:369:9-372:66
	android:screenOrientation
		ADDED from src\main\AndroidManifest.xml:371:13-49
	android:theme
		ADDED from src\main\AndroidManifest.xml:372:13-63
	android:name
		ADDED from src\main\AndroidManifest.xml:370:13-64
activity#com.pnf.elar.app.activity.schedule.AddRetriverParentActivity
ADDED from src\main\AndroidManifest.xml:373:9-376:66
	android:screenOrientation
		ADDED from src\main\AndroidManifest.xml:375:13-49
	android:theme
		ADDED from src\main\AndroidManifest.xml:376:13-63
	android:name
		ADDED from src\main\AndroidManifest.xml:374:13-72
activity#com.pnf.elar.app.activity.schedule.AddActivityStudent
ADDED from src\main\AndroidManifest.xml:377:9-380:66
	android:screenOrientation
		ADDED from src\main\AndroidManifest.xml:379:13-49
	android:theme
		ADDED from src\main\AndroidManifest.xml:380:13-63
	android:name
		ADDED from src\main\AndroidManifest.xml:378:13-65
activity#com.pnf.elar.app.activity.schedule.AddWholedaySickParentActivity
ADDED from src\main\AndroidManifest.xml:381:9-384:66
	android:screenOrientation
		ADDED from src\main\AndroidManifest.xml:383:13-49
	android:theme
		ADDED from src\main\AndroidManifest.xml:384:13-63
	android:name
		ADDED from src\main\AndroidManifest.xml:382:13-76
activity#com.pnf.elar.app.activity.schedule.ViewactivityStudentParent
ADDED from src\main\AndroidManifest.xml:385:9-388:75
	android:screenOrientation
		ADDED from src\main\AndroidManifest.xml:387:13-49
	android:theme
		ADDED from src\main\AndroidManifest.xml:388:13-63
	android:name
		ADDED from src\main\AndroidManifest.xml:386:13-72
activity#com.pnf.elar.app.TermsOfUseActivity
ADDED from src\main\AndroidManifest.xml:389:9-392:20
	android:theme
		ADDED from src\main\AndroidManifest.xml:390:13-56
	android:name
		ADDED from src\main\AndroidManifest.xml:389:19-53
uses-sdk
INJECTED from src\main\AndroidManifest.xml reason: use-sdk injection requested
MERGED from [com.githang:viewpagerindicator:2.4.2] AndroidManifest.xml:7:5-9:41
MERGED from [SCM-TesingCode:calendarlibrary:unspecified] AndroidManifest.xml:5:5-7:41
MERGED from [com.android.support:appcompat-v7:24.2.1] AndroidManifest.xml:21:5-23:78
MERGED from [com.android.support:support-v4:24.2.1] AndroidManifest.xml:21:5-23:54
MERGED from [com.android.support:support-compat:24.2.1] AndroidManifest.xml:21:5-23:58
MERGED from [com.android.support:support-media-compat:24.2.1] AndroidManifest.xml:21:5-23:63
MERGED from [com.android.support:support-core-utils:24.2.1] AndroidManifest.xml:21:5-23:61
MERGED from [com.android.support:support-core-ui:24.2.1] AndroidManifest.xml:21:5-23:58
MERGED from [com.android.support:support-fragment:24.2.1] AndroidManifest.xml:21:5-23:60
MERGED from [com.android.support:support-vector-drawable:24.2.1] AndroidManifest.xml:21:5-43
MERGED from [com.android.support:animated-vector-drawable:24.2.1] AndroidManifest.xml:20:5-44
MERGED from [com.crashlytics.sdk.android:crashlytics:2.6.5] AndroidManifest.xml:7:5-43
MERGED from [com.crashlytics.sdk.android:beta:1.2.2] AndroidManifest.xml:7:5-43
MERGED from [io.fabric.sdk.android:fabric:1.3.14] AndroidManifest.xml:23:5-43
MERGED from [com.crashlytics.sdk.android:crashlytics-core:2.3.14] AndroidManifest.xml:7:5-43
MERGED from [com.crashlytics.sdk.android:answers:1.3.10] AndroidManifest.xml:7:5-43
MERGED from [SCM-TesingCode:MonthMateriallibrary:unspecified] AndroidManifest.xml:6:5-8:41
MERGED from [com.davemorrissey.labs:subsampling-scale-image-view:3.1.3] AndroidManifest.xml:7:5-9:41
MERGED from [de.hdodenhof:circleimageview:2.1.0] AndroidManifest.xml:5:5-7:41
MERGED from [com.droidninja:filepicker:1.0.8] AndroidManifest.xml:7:5-9:41
MERGED from [com.android.support:design:24.2.1] AndroidManifest.xml:20:5-43
MERGED from [com.android.support:recyclerview-v7:24.2.1] AndroidManifest.xml:20:5-43
MERGED from [com.facebook.fresco:fresco:0.14.1] AndroidManifest.xml:5:5-7:41
MERGED from [com.facebook.fresco:drawee:0.14.1] AndroidManifest.xml:5:5-7:41
MERGED from [com.facebook.fresco:fbcore:0.14.1] AndroidManifest.xml:5:5-7:41
MERGED from [com.facebook.fresco:imagepipeline:0.14.1] AndroidManifest.xml:5:5-7:41
MERGED from [com.facebook.fresco:imagepipeline-base:0.14.1] AndroidManifest.xml:5:5-7:41
MERGED from [com.android.support:multidex-instrumentation:1.0.1] AndroidManifest.xml:16:5-42
MERGED from [com.android.support:multidex:1.0.1] AndroidManifest.xml:18:5-42
MERGED from [com.android.support.constraint:constraint-layout:1.0.2] AndroidManifest.xml:5:5-7:41
MERGED from [com.android.support:cardview-v7:23.0.0] AndroidManifest.xml:20:5-43
MERGED from [com.google.android.gms:play-services:10.2.4] AndroidManifest.xml:4:5-43
MERGED from [com.google.android.gms:play-services-ads:10.2.4] AndroidManifest.xml:17:5-43
MERGED from [com.google.android.gms:play-services-ads-lite:10.2.4] AndroidManifest.xml:22:5-43
MERGED from [com.google.android.gms:play-services-basement:10.2.4] AndroidManifest.xml:17:5-43
MERGED from [com.google.android.gms:play-services-base:10.2.4] AndroidManifest.xml:17:5-43
MERGED from [com.google.android.gms:play-services-tasks:10.2.4] AndroidManifest.xml:3:5-43
MERGED from [com.google.android.gms:play-services-clearcut:10.2.4] AndroidManifest.xml:17:5-43
MERGED from [com.google.android.gms:play-services-gass:10.2.4] AndroidManifest.xml:3:5-43
MERGED from [com.google.android.gms:play-services-analytics:10.2.4] AndroidManifest.xml:17:5-43
MERGED from [com.google.android.gms:play-services-analytics-impl:10.2.4] AndroidManifest.xml:17:5-43
MERGED from [com.google.android.gms:play-services-tagmanager-v4-impl:10.2.4] AndroidManifest.xml:17:5-43
MERGED from [com.google.android.gms:play-services-appinvite:10.2.4] AndroidManifest.xml:17:5-43
MERGED from [com.google.android.gms:play-services-auth:10.2.4] AndroidManifest.xml:17:5-43
MERGED from [com.google.android.gms:play-services-auth-base:10.2.4] AndroidManifest.xml:4:5-43
MERGED from [com.google.android.gms:play-services-cast-framework:10.2.4] AndroidManifest.xml:3:5-43
MERGED from [com.google.android.gms:play-services-cast:10.2.4] AndroidManifest.xml:17:5-43
MERGED from [com.android.support:mediarouter-v7:24.0.0] AndroidManifest.xml:20:5-43
MERGED from [com.android.support:palette-v7:24.0.0] AndroidManifest.xml:20:5-43
MERGED from [com.google.firebase:firebase-config:10.2.4] AndroidManifest.xml:17:5-43
MERGED from [com.google.firebase:firebase-iid:10.2.4] AndroidManifest.xml:17:5-43
MERGED from [com.google.firebase:firebase-common:10.2.4] AndroidManifest.xml:3:5-43
MERGED from [com.google.android.gms:play-services-awareness:10.2.4] AndroidManifest.xml:17:5-43
MERGED from [com.google.android.gms:play-services-location:10.2.4] AndroidManifest.xml:3:5-43
MERGED from [com.google.android.gms:play-services-places:10.2.4] AndroidManifest.xml:17:5-43
MERGED from [com.google.android.gms:play-services-maps:10.2.4] AndroidManifest.xml:23:5-43
MERGED from [com.google.firebase:firebase-crash:10.2.4] AndroidManifest.xml:20:5-43
MERGED from [com.google.firebase:firebase-analytics:10.2.4] AndroidManifest.xml:17:5-43
MERGED from [com.google.firebase:firebase-analytics-impl:10.2.4] AndroidManifest.xml:17:5-43
MERGED from [com.google.android.gms:play-services-drive:10.2.4] AndroidManifest.xml:17:5-43
MERGED from [com.google.firebase:firebase-auth:10.2.4] AndroidManifest.xml:17:5-43